{"uid":"ba60f1166e403959","name":"test_checkout_order","fullName":"tests.test_app.TestDemoApp#test_checkout_order","historyId":"62361faa283e7107046584d57cf99c7d","time":{"start":1743020477358,"stop":1743020485212,"duration":7854},"description":"Given user opens the Sauce Labs mobile application\nWhen they click on Menu\nAnd click on Login\nAnd login with Valid Email & Password\nAnd choose a Product\nAnd click on counter Plus Button\nAnd click on Add To Cart button\nAnd click on Cart Badge\nAnd click on Proceed To Checkout Button\nAnd fill Checkout Information\nAnd fill Payment Information\nAnd click on Place Order button\nAnd click on Continue Shopping button\nThen user should return to Home screen","descriptionHtml":"<p>Given user opens the Sauce Labs mobile application<br />\nWhen they click on Menu<br />\nAnd click on Login<br />\nAnd login with Valid Email &amp; Password<br />\nAnd choose a Product<br />\nAnd click on counter Plus Button<br />\nAnd click on Add To Cart button<br />\nAnd click on Cart Badge<br />\nAnd click on Proceed To Checkout Button<br />\nAnd fill Checkout Information<br />\nAnd fill Payment Information<br />\nAnd click on Place Order button<br />\nAnd click on Continue Shopping button<br />\nThen user should return to Home screen</p>\n","status":"broken","statusMessage":"selenium.common.exceptions.NoSuchElementException: Message: An element could not be located on the page using the given search parameters.; For documentation on this error, please visit: https://www.selenium.dev/documentation/webdriver/troubleshooting/errors#no-such-element-exception\nStacktrace:\nNoSuchElementError: An element could not be located on the page using the given search parameters.\n    at AndroidUiautomator2Driver.findElOrEls (C:\\Users\\Mahmud-SJI_Office\\.appium\\node_modules\\appium-uiautomator2-driver\\node_modules\\appium-android-driver\\lib\\commands\\find.ts:86:11)\n    at processTicksAndRejections (node:internal/process/task_queues:105:5)\n    at AndroidUiautomator2Driver.findElOrElsWithProcessing (C:\\Users\\Mahmud-SJI_Office\\AppData\\Roaming\\npm\\node_modules\\appium\\node_modules\\@appium\\base-driver\\lib\\basedriver\\commands\\find.ts:60:12)\n    at AndroidUiautomator2Driver.findElement (C:\\Users\\Mahmud-SJI_Office\\AppData\\Roaming\\npm\\node_modules\\appium\\node_modules\\@appium\\base-driver\\lib\\basedriver\\commands\\find.ts:75:12)","statusTrace":"self = <test_app.TestDemoApp object at 0x0000024F6E9E7590>\ntest_data = {'checkout': {'address_line': 'GULSN', 'address_line2': 'N LP', 'city': 'GH Pi', 'country': 'ITL', ...}, 'login': {'em...'payment': {'card_number': '704054247867', 'expiration_date': '0329', 'full_name': 'John Doe', 'security_code': '886'}}\n\n    @allure.description(\n        \"Given user opens the Sauce Labs mobile application\\n\"\n        \"When they click on Menu\\n\"\n        \"And click on Login\\n\"\n        \"And login with Valid Email & Password\\n\"\n        \"And choose a Product\\n\"\n        \"And click on counter Plus Button\\n\"\n        \"And click on Add To Cart button\\n\"\n        \"And click on Cart Badge\\n\"\n        \"And click on Proceed To Checkout Button\\n\"\n        \"And fill Checkout Information\\n\"\n        \"And fill Payment Information\\n\"\n        \"And click on Place Order button\\n\"\n        \"And click on Continue Shopping button\\n\"\n        \"Then user should return to Home screen\"\n    )\n    \n    \n    @allure.severity(allure.severity_level.CRITICAL)\n    @pytest.mark.e2e\n    def test_checkout_order(self, test_data):\n    \n        login_data = test_data[\"login\"]\n        checkout_data = test_data[\"checkout\"]\n        payment_data = test_data[\"payment\"]\n    \n        # Step 1: Open Menu and Login\n        self.home_page.click_on_open_menu()\n        self.home_page.click_on_login_button()\n    \n        email = login_data[\"email\"]\n        password = login_data[\"password\"]\n>       self.login_page.login_with_valid_email_and_password(email, password)\n\ntests\\test_app.py:39: \n_ _ _ _ _ _ _ _ _ _ _ _ _ _ _ _ _ _ _ _ _ _ _ _ _ _ _ _ _ _ _ _ _ _ _ _ _ _ _ _ _ _ _ _ _ _ _ _ _ _ _ _ _ _ _ _ _ _ _ _ _ \npages\\login_page.py:15: in login_with_valid_email_and_password\n    self.enter_text(*self.email_locator, email)\npages\\base_page.py:14: in enter_text\n    self.driver.find_element(locator_type, locator).clear()\n.venv\\Lib\\site-packages\\selenium\\webdriver\\remote\\webdriver.py:898: in find_element\n    return self.execute(Command.FIND_ELEMENT, {\"using\": by, \"value\": value})[\"value\"]\n.venv\\Lib\\site-packages\\selenium\\webdriver\\remote\\webdriver.py:429: in execute\n    self.error_handler.check_response(response)\n_ _ _ _ _ _ _ _ _ _ _ _ _ _ _ _ _ _ _ _ _ _ _ _ _ _ _ _ _ _ _ _ _ _ _ _ _ _ _ _ _ _ _ _ _ _ _ _ _ _ _ _ _ _ _ _ _ _ _ _ _ \n\nself = <appium.webdriver.errorhandler.MobileErrorHandler object at 0x0000024F6E9BF1D0>\nresponse = {'status': 404, 'value': '{\"value\":{\"error\":\"no such element\",\"message\":\"An element could not be located on the page u...ode_modules\\\\\\\\appium\\\\\\\\node_modules\\\\\\\\@appium\\\\\\\\base-driver\\\\\\\\lib\\\\\\\\basedriver\\\\\\\\commands\\\\\\\\find.ts:75:12)\"}}'}\n\n    def check_response(self, response: Dict[str, Any]) -> None:\n        \"\"\"\n        https://www.w3.org/TR/webdriver/#errors\n        \"\"\"\n        payload = response.get('value', '')\n        if isinstance(payload, dict):\n            payload_dict = payload\n        else:\n            try:\n                payload_dict = json.loads(payload)\n            except (json.JSONDecodeError, TypeError):\n                return\n            if not isinstance(payload_dict, dict):\n                return\n        value = payload_dict.get('value')\n        if not isinstance(value, dict):\n            return\n        error = value.get('error')\n        if not error:\n            return\n    \n        message = value.get('message', error)\n        stacktrace = value.get('stacktrace', '')\n        # In theory, we should also be checking HTTP status codes.\n        # Java client, for example, prints a warning if the actual `error`\n        # value does not match to the response's HTTP status code.\n        exception_class: Type[sel_exceptions.WebDriverException] = ERROR_TO_EXC_MAPPING.get(\n            error, sel_exceptions.WebDriverException\n        )\n        if exception_class is sel_exceptions.WebDriverException and message:\n            if message == 'No such context found.':\n                exception_class = appium_exceptions.NoSuchContextException\n            elif message == 'That command could not be executed in the current context.':\n                exception_class = appium_exceptions.InvalidSwitchToTargetException\n    \n        if exception_class is sel_exceptions.UnexpectedAlertPresentException:\n            raise sel_exceptions.UnexpectedAlertPresentException(\n                msg=message,\n                stacktrace=format_stacktrace(stacktrace),\n                alert_text=value.get('data'),\n            )\n>       raise exception_class(msg=message, stacktrace=format_stacktrace(stacktrace))\nE       selenium.common.exceptions.NoSuchElementException: Message: An element could not be located on the page using the given search parameters.; For documentation on this error, please visit: https://www.selenium.dev/documentation/webdriver/troubleshooting/errors#no-such-element-exception\nE       Stacktrace:\nE       NoSuchElementError: An element could not be located on the page using the given search parameters.\nE           at AndroidUiautomator2Driver.findElOrEls (C:\\Users\\Mahmud-SJI_Office\\.appium\\node_modules\\appium-uiautomator2-driver\\node_modules\\appium-android-driver\\lib\\commands\\find.ts:86:11)\nE           at processTicksAndRejections (node:internal/process/task_queues:105:5)\nE           at AndroidUiautomator2Driver.findElOrElsWithProcessing (C:\\Users\\Mahmud-SJI_Office\\AppData\\Roaming\\npm\\node_modules\\appium\\node_modules\\@appium\\base-driver\\lib\\basedriver\\commands\\find.ts:60:12)\nE           at AndroidUiautomator2Driver.findElement (C:\\Users\\Mahmud-SJI_Office\\AppData\\Roaming\\npm\\node_modules\\appium\\node_modules\\@appium\\base-driver\\lib\\basedriver\\commands\\find.ts:75:12)\n\n.venv\\Lib\\site-packages\\appium\\webdriver\\errorhandler.py:125: NoSuchElementException","flaky":false,"newFailed":false,"newBroken":false,"newPassed":false,"retriesCount":0,"retriesStatusChange":false,"beforeStages":[{"name":"pytestconfig","time":{"start":1743020472439,"stop":1743020472439,"duration":0},"status":"passed","steps":[],"attachments":[],"parameters":[],"attachmentsCount":0,"shouldDisplayMessage":false,"stepsCount":0,"hasContent":false,"attachmentStep":false},{"name":"base_url","time":{"start":1743020472439,"stop":1743020472439,"duration":0},"status":"passed","steps":[],"attachments":[],"parameters":[],"attachmentsCount":0,"shouldDisplayMessage":false,"stepsCount":0,"hasContent":false,"attachmentStep":false},{"name":"test_data","time":{"start":1743020472439,"stop":1743020472440,"duration":1},"status":"passed","steps":[],"attachments":[],"parameters":[],"attachmentsCount":0,"shouldDisplayMessage":false,"stepsCount":0,"hasContent":false,"attachmentStep":false},{"name":"delete_output_dir","time":{"start":1743020472439,"stop":1743020472439,"duration":0},"status":"passed","steps":[],"attachments":[],"parameters":[],"attachmentsCount":0,"shouldDisplayMessage":false,"stepsCount":0,"hasContent":false,"attachmentStep":false},{"name":"_verify_url","time":{"start":1743020472439,"stop":1743020472439,"duration":0},"status":"passed","steps":[],"attachments":[],"parameters":[],"attachmentsCount":0,"shouldDisplayMessage":false,"stepsCount":0,"hasContent":false,"attachmentStep":false},{"name":"setup","time":{"start":1743020472440,"stop":1743020477357,"duration":4917},"status":"passed","steps":[],"attachments":[],"parameters":[],"attachmentsCount":0,"shouldDisplayMessage":false,"stepsCount":0,"hasContent":false,"attachmentStep":false}],"testStage":{"description":"Given user opens the Sauce Labs mobile application\nWhen they click on Menu\nAnd click on Login\nAnd login with Valid Email & Password\nAnd choose a Product\nAnd click on counter Plus Button\nAnd click on Add To Cart button\nAnd click on Cart Badge\nAnd click on Proceed To Checkout Button\nAnd fill Checkout Information\nAnd fill Payment Information\nAnd click on Place Order button\nAnd click on Continue Shopping button\nThen user should return to Home screen","status":"broken","statusMessage":"selenium.common.exceptions.NoSuchElementException: Message: An element could not be located on the page using the given search parameters.; For documentation on this error, please visit: https://www.selenium.dev/documentation/webdriver/troubleshooting/errors#no-such-element-exception\nStacktrace:\nNoSuchElementError: An element could not be located on the page using the given search parameters.\n    at AndroidUiautomator2Driver.findElOrEls (C:\\Users\\Mahmud-SJI_Office\\.appium\\node_modules\\appium-uiautomator2-driver\\node_modules\\appium-android-driver\\lib\\commands\\find.ts:86:11)\n    at processTicksAndRejections (node:internal/process/task_queues:105:5)\n    at AndroidUiautomator2Driver.findElOrElsWithProcessing (C:\\Users\\Mahmud-SJI_Office\\AppData\\Roaming\\npm\\node_modules\\appium\\node_modules\\@appium\\base-driver\\lib\\basedriver\\commands\\find.ts:60:12)\n    at AndroidUiautomator2Driver.findElement (C:\\Users\\Mahmud-SJI_Office\\AppData\\Roaming\\npm\\node_modules\\appium\\node_modules\\@appium\\base-driver\\lib\\basedriver\\commands\\find.ts:75:12)","statusTrace":"self = <test_app.TestDemoApp object at 0x0000024F6E9E7590>\ntest_data = {'checkout': {'address_line': 'GULSN', 'address_line2': 'N LP', 'city': 'GH Pi', 'country': 'ITL', ...}, 'login': {'em...'payment': {'card_number': '704054247867', 'expiration_date': '0329', 'full_name': 'John Doe', 'security_code': '886'}}\n\n    @allure.description(\n        \"Given user opens the Sauce Labs mobile application\\n\"\n        \"When they click on Menu\\n\"\n        \"And click on Login\\n\"\n        \"And login with Valid Email & Password\\n\"\n        \"And choose a Product\\n\"\n        \"And click on counter Plus Button\\n\"\n        \"And click on Add To Cart button\\n\"\n        \"And click on Cart Badge\\n\"\n        \"And click on Proceed To Checkout Button\\n\"\n        \"And fill Checkout Information\\n\"\n        \"And fill Payment Information\\n\"\n        \"And click on Place Order button\\n\"\n        \"And click on Continue Shopping button\\n\"\n        \"Then user should return to Home screen\"\n    )\n    \n    \n    @allure.severity(allure.severity_level.CRITICAL)\n    @pytest.mark.e2e\n    def test_checkout_order(self, test_data):\n    \n        login_data = test_data[\"login\"]\n        checkout_data = test_data[\"checkout\"]\n        payment_data = test_data[\"payment\"]\n    \n        # Step 1: Open Menu and Login\n        self.home_page.click_on_open_menu()\n        self.home_page.click_on_login_button()\n    \n        email = login_data[\"email\"]\n        password = login_data[\"password\"]\n>       self.login_page.login_with_valid_email_and_password(email, password)\n\ntests\\test_app.py:39: \n_ _ _ _ _ _ _ _ _ _ _ _ _ _ _ _ _ _ _ _ _ _ _ _ _ _ _ _ _ _ _ _ _ _ _ _ _ _ _ _ _ _ _ _ _ _ _ _ _ _ _ _ _ _ _ _ _ _ _ _ _ \npages\\login_page.py:15: in login_with_valid_email_and_password\n    self.enter_text(*self.email_locator, email)\npages\\base_page.py:14: in enter_text\n    self.driver.find_element(locator_type, locator).clear()\n.venv\\Lib\\site-packages\\selenium\\webdriver\\remote\\webdriver.py:898: in find_element\n    return self.execute(Command.FIND_ELEMENT, {\"using\": by, \"value\": value})[\"value\"]\n.venv\\Lib\\site-packages\\selenium\\webdriver\\remote\\webdriver.py:429: in execute\n    self.error_handler.check_response(response)\n_ _ _ _ _ _ _ _ _ _ _ _ _ _ _ _ _ _ _ _ _ _ _ _ _ _ _ _ _ _ _ _ _ _ _ _ _ _ _ _ _ _ _ _ _ _ _ _ _ _ _ _ _ _ _ _ _ _ _ _ _ \n\nself = <appium.webdriver.errorhandler.MobileErrorHandler object at 0x0000024F6E9BF1D0>\nresponse = {'status': 404, 'value': '{\"value\":{\"error\":\"no such element\",\"message\":\"An element could not be located on the page u...ode_modules\\\\\\\\appium\\\\\\\\node_modules\\\\\\\\@appium\\\\\\\\base-driver\\\\\\\\lib\\\\\\\\basedriver\\\\\\\\commands\\\\\\\\find.ts:75:12)\"}}'}\n\n    def check_response(self, response: Dict[str, Any]) -> None:\n        \"\"\"\n        https://www.w3.org/TR/webdriver/#errors\n        \"\"\"\n        payload = response.get('value', '')\n        if isinstance(payload, dict):\n            payload_dict = payload\n        else:\n            try:\n                payload_dict = json.loads(payload)\n            except (json.JSONDecodeError, TypeError):\n                return\n            if not isinstance(payload_dict, dict):\n                return\n        value = payload_dict.get('value')\n        if not isinstance(value, dict):\n            return\n        error = value.get('error')\n        if not error:\n            return\n    \n        message = value.get('message', error)\n        stacktrace = value.get('stacktrace', '')\n        # In theory, we should also be checking HTTP status codes.\n        # Java client, for example, prints a warning if the actual `error`\n        # value does not match to the response's HTTP status code.\n        exception_class: Type[sel_exceptions.WebDriverException] = ERROR_TO_EXC_MAPPING.get(\n            error, sel_exceptions.WebDriverException\n        )\n        if exception_class is sel_exceptions.WebDriverException and message:\n            if message == 'No such context found.':\n                exception_class = appium_exceptions.NoSuchContextException\n            elif message == 'That command could not be executed in the current context.':\n                exception_class = appium_exceptions.InvalidSwitchToTargetException\n    \n        if exception_class is sel_exceptions.UnexpectedAlertPresentException:\n            raise sel_exceptions.UnexpectedAlertPresentException(\n                msg=message,\n                stacktrace=format_stacktrace(stacktrace),\n                alert_text=value.get('data'),\n            )\n>       raise exception_class(msg=message, stacktrace=format_stacktrace(stacktrace))\nE       selenium.common.exceptions.NoSuchElementException: Message: An element could not be located on the page using the given search parameters.; For documentation on this error, please visit: https://www.selenium.dev/documentation/webdriver/troubleshooting/errors#no-such-element-exception\nE       Stacktrace:\nE       NoSuchElementError: An element could not be located on the page using the given search parameters.\nE           at AndroidUiautomator2Driver.findElOrEls (C:\\Users\\Mahmud-SJI_Office\\.appium\\node_modules\\appium-uiautomator2-driver\\node_modules\\appium-android-driver\\lib\\commands\\find.ts:86:11)\nE           at processTicksAndRejections (node:internal/process/task_queues:105:5)\nE           at AndroidUiautomator2Driver.findElOrElsWithProcessing (C:\\Users\\Mahmud-SJI_Office\\AppData\\Roaming\\npm\\node_modules\\appium\\node_modules\\@appium\\base-driver\\lib\\basedriver\\commands\\find.ts:60:12)\nE           at AndroidUiautomator2Driver.findElement (C:\\Users\\Mahmud-SJI_Office\\AppData\\Roaming\\npm\\node_modules\\appium\\node_modules\\@appium\\base-driver\\lib\\basedriver\\commands\\find.ts:75:12)\n\n.venv\\Lib\\site-packages\\appium\\webdriver\\errorhandler.py:125: NoSuchElementException","steps":[{"name":"Click on Open Menu","time":{"start":1743020477358,"stop":1743020478472,"duration":1114},"status":"passed","steps":[],"attachments":[],"parameters":[],"attachmentsCount":0,"shouldDisplayMessage":false,"stepsCount":0,"hasContent":false,"attachmentStep":false},{"name":"Click on Login Button","time":{"start":1743020478472,"stop":1743020480150,"duration":1678},"status":"passed","steps":[],"attachments":[],"parameters":[],"attachmentsCount":0,"shouldDisplayMessage":false,"stepsCount":0,"hasContent":false,"attachmentStep":false},{"name":"Login with Valid Email and Password","time":{"start":1743020480150,"stop":1743020485208,"duration":5058},"status":"broken","statusMessage":"selenium.common.exceptions.NoSuchElementException: Message: An element could not be located on the page using the given search parameters.; For documentation on this error, please visit: https://www.selenium.dev/documentation/webdriver/troubleshooting/errors#no-such-element-exception\nStacktrace:\nNoSuchElementError: An element could not be located on the page using the given search parameters.\n    at AndroidUiautomator2Driver.findElOrEls (C:\\Users\\Mahmud-SJI_Office\\.appium\\node_modules\\appium-uiautomator2-driver\\node_modules\\appium-android-driver\\lib\\commands\\find.ts:86:11)\n    at processTicksAndRejections (node:internal/process/task_queues:105:5)\n    at AndroidUiautomator2Driver.findElOrElsWithProcessing (C:\\Users\\Mahmud-SJI_Office\\AppData\\Roaming\\npm\\node_modules\\appium\\node_modules\\@appium\\base-driver\\lib\\basedriver\\commands\\find.ts:60:12)\n    at AndroidUiautomator2Driver.findElement (C:\\Users\\Mahmud-SJI_Office\\AppData\\Roaming\\npm\\node_modules\\appium\\node_modules\\@appium\\base-driver\\lib\\basedriver\\commands\\find.ts:75:12)\n","statusTrace":"  File \"D:\\automation task\\sauce_demo_appium_mahmudul\\.venv\\Lib\\site-packages\\allure_commons\\_allure.py\", line 192, in impl\n    return func(*a, **kw)\n           ^^^^^^^^^^^^^^\n  File \"D:\\automation task\\sauce_demo_appium_mahmudul\\pages\\login_page.py\", line 15, in login_with_valid_email_and_password\n    self.enter_text(*self.email_locator, email)\n  File \"D:\\automation task\\sauce_demo_appium_mahmudul\\pages\\base_page.py\", line 14, in enter_text\n    self.driver.find_element(locator_type, locator).clear()\n    ^^^^^^^^^^^^^^^^^^^^^^^^^^^^^^^^^^^^^^^^^^^^^^^\n  File \"D:\\automation task\\sauce_demo_appium_mahmudul\\.venv\\Lib\\site-packages\\selenium\\webdriver\\remote\\webdriver.py\", line 898, in find_element\n    return self.execute(Command.FIND_ELEMENT, {\"using\": by, \"value\": value})[\"value\"]\n           ^^^^^^^^^^^^^^^^^^^^^^^^^^^^^^^^^^^^^^^^^^^^^^^^^^^^^^^^^^^^^^^^^\n  File \"D:\\automation task\\sauce_demo_appium_mahmudul\\.venv\\Lib\\site-packages\\selenium\\webdriver\\remote\\webdriver.py\", line 429, in execute\n    self.error_handler.check_response(response)\n  File \"D:\\automation task\\sauce_demo_appium_mahmudul\\.venv\\Lib\\site-packages\\appium\\webdriver\\errorhandler.py\", line 125, in check_response\n    raise exception_class(msg=message, stacktrace=format_stacktrace(stacktrace))\n","steps":[],"attachments":[],"parameters":[{"name":"email","value":"'bob@example.com'"},{"name":"password","value":"'10203040'"}],"attachmentsCount":0,"shouldDisplayMessage":true,"stepsCount":0,"hasContent":true,"attachmentStep":false}],"attachments":[],"parameters":[],"attachmentsCount":0,"shouldDisplayMessage":true,"stepsCount":3,"hasContent":true,"attachmentStep":false},"afterStages":[{"name":"setup::0","time":{"start":1743020485324,"stop":1743020486019,"duration":695},"status":"passed","steps":[],"attachments":[],"parameters":[],"attachmentsCount":0,"shouldDisplayMessage":false,"stepsCount":0,"hasContent":false,"attachmentStep":false}],"labels":[{"name":"severity","value":"critical"},{"name":"tag","value":"e2e"},{"name":"tag","value":"@pytest.mark.usefixtures('setup', 'test_data')"},{"name":"parentSuite","value":"tests"},{"name":"suite","value":"test_app"},{"name":"subSuite","value":"TestDemoApp"},{"name":"host","value":"SJI-Mahmud"},{"name":"thread","value":"20192-MainThread"},{"name":"framework","value":"pytest"},{"name":"language","value":"cpython3"},{"name":"package","value":"tests.test_app"},{"name":"resultFormat","value":"allure2"}],"parameters":[],"links":[],"hidden":true,"retry":true,"extra":{"categories":[],"tags":["e2e","@pytest.mark.usefixtures('setup', 'test_data')"]},"source":"ba60f1166e403959.json","parameterValues":[]}